Assuming unrestricted shared filesystem usage.
host: m9-9-1
Building DAG of jobs...
Using shell: /usr/local/bin/bash
Provided cores: 16
Rules claiming more threads will be scaled down.
Job stats:
job                   count
------------------  -------
variant_call_graft        8
variant_call_host         8
all                       1
total                    17

Select jobs to execute...
Execute 2 jobs...
[Thu Jun  4 13:24:22 2026]
localrule variant_call_host:
    input: /home/vanwper/nobackup/autodelete/neomex/sample_bams/7893/7893-host.bam, /home/vanwper/nobackup/autodelete/neomex/reference/BaumannLab/a_arizonae_AspAri2.0.fasta
    output: /home/vanwper/nobackup/autodelete/neomex/sample_vcfs/7893/7893-host.vcf.gz
    jobid: 11
    reason: Missing output files: /home/vanwper/nobackup/autodelete/neomex/sample_vcfs/7893/7893-host.vcf.gz
    wildcards: sample=7893
    threads: 8
    resources: tmpdir=/tmp
[Thu Jun  4 13:24:30 2026]
localrule variant_call_host:
    input: /home/vanwper/nobackup/autodelete/neomex/sample_bams/7895/7895-host.bam, /home/vanwper/nobackup/autodelete/neomex/reference/BaumannLab/a_arizonae_AspAri2.0.fasta
    output: /home/vanwper/nobackup/autodelete/neomex/sample_vcfs/7895/7895-host.vcf.gz
    jobid: 17
    reason: Missing output files: /home/vanwper/nobackup/autodelete/neomex/sample_vcfs/7895/7895-host.vcf.gz
    wildcards: sample=7895
    threads: 8
    resources: tmpdir=/tmp
Select jobs to execute...
RuleException:
CalledProcessError in file "/home/vanwper/projects/neomexicanus_dispersal_genomics/Snakefile", line 117:
Command 'set -euo pipefail;  
    apptainer exec docker://google/deepvariant:latest       run_deepvariant         --model_type=PACBIO         --ref=/home/vanwper/nobackup/autodelete/neomex/reference/BaumannLab/a_arizonae_AspAri2.0.fasta         --reads=/home/vanwper/nobackup/autodelete/neomex/sample_bams/7893/7893-host.bam         --output_vcf=/home/vanwper/nobackup/autodelete/neomex/sample_vcfs/7893/7893-host.vcf.gz         --num_shards=8' returned non-zero exit status 255.
[Thu Jun  4 13:24:54 2026]
Error in rule variant_call_host:
    message: None
    jobid: 11
    input: /home/vanwper/nobackup/autodelete/neomex/sample_bams/7893/7893-host.bam, /home/vanwper/nobackup/autodelete/neomex/reference/BaumannLab/a_arizonae_AspAri2.0.fasta
    output: /home/vanwper/nobackup/autodelete/neomex/sample_vcfs/7893/7893-host.vcf.gz
    shell:
        
    apptainer exec docker://google/deepvariant:latest       run_deepvariant         --model_type=PACBIO         --ref=/home/vanwper/nobackup/autodelete/neomex/reference/BaumannLab/a_arizonae_AspAri2.0.fasta         --reads=/home/vanwper/nobackup/autodelete/neomex/sample_bams/7893/7893-host.bam         --output_vcf=/home/vanwper/nobackup/autodelete/neomex/sample_vcfs/7893/7893-host.vcf.gz         --num_shards=8
    
        (command exited with non-zero exit code)
RuleException:
CalledProcessError in file "/home/vanwper/projects/neomexicanus_dispersal_genomics/Snakefile", line 117:
Command 'set -euo pipefail;  
    apptainer exec docker://google/deepvariant:latest       run_deepvariant         --model_type=PACBIO         --ref=/home/vanwper/nobackup/autodelete/neomex/reference/BaumannLab/a_arizonae_AspAri2.0.fasta         --reads=/home/vanwper/nobackup/autodelete/neomex/sample_bams/7895/7895-host.bam         --output_vcf=/home/vanwper/nobackup/autodelete/neomex/sample_vcfs/7895/7895-host.vcf.gz         --num_shards=8' returned non-zero exit status 255.
[Thu Jun  4 13:24:56 2026]
Error in rule variant_call_host:
    message: None
    jobid: 17
    input: /home/vanwper/nobackup/autodelete/neomex/sample_bams/7895/7895-host.bam, /home/vanwper/nobackup/autodelete/neomex/reference/BaumannLab/a_arizonae_AspAri2.0.fasta
    output: /home/vanwper/nobackup/autodelete/neomex/sample_vcfs/7895/7895-host.vcf.gz
    shell:
        
    apptainer exec docker://google/deepvariant:latest       run_deepvariant         --model_type=PACBIO         --ref=/home/vanwper/nobackup/autodelete/neomex/reference/BaumannLab/a_arizonae_AspAri2.0.fasta         --reads=/home/vanwper/nobackup/autodelete/neomex/sample_bams/7895/7895-host.bam         --output_vcf=/home/vanwper/nobackup/autodelete/neomex/sample_vcfs/7895/7895-host.vcf.gz         --num_shards=8
    
        (command exited with non-zero exit code)
Shutting down, this might take some time.
Exiting because a job execution failed. Look below for error messages
[Thu Jun  4 13:24:56 2026]
Error in rule variant_call_host:
    message: None
    jobid: 11
    input: /home/vanwper/nobackup/autodelete/neomex/sample_bams/7893/7893-host.bam, /home/vanwper/nobackup/autodelete/neomex/reference/BaumannLab/a_arizonae_AspAri2.0.fasta
    output: /home/vanwper/nobackup/autodelete/neomex/sample_vcfs/7893/7893-host.vcf.gz
    shell:
        
    apptainer exec docker://google/deepvariant:latest       run_deepvariant         --model_type=PACBIO         --ref=/home/vanwper/nobackup/autodelete/neomex/reference/BaumannLab/a_arizonae_AspAri2.0.fasta         --reads=/home/vanwper/nobackup/autodelete/neomex/sample_bams/7893/7893-host.bam         --output_vcf=/home/vanwper/nobackup/autodelete/neomex/sample_vcfs/7893/7893-host.vcf.gz         --num_shards=8
    
        (command exited with non-zero exit code)
[Thu Jun  4 13:24:56 2026]
Error in rule variant_call_host:
    message: None
    jobid: 17
    input: /home/vanwper/nobackup/autodelete/neomex/sample_bams/7895/7895-host.bam, /home/vanwper/nobackup/autodelete/neomex/reference/BaumannLab/a_arizonae_AspAri2.0.fasta
    output: /home/vanwper/nobackup/autodelete/neomex/sample_vcfs/7895/7895-host.vcf.gz
    shell:
        
    apptainer exec docker://google/deepvariant:latest       run_deepvariant         --model_type=PACBIO         --ref=/home/vanwper/nobackup/autodelete/neomex/reference/BaumannLab/a_arizonae_AspAri2.0.fasta         --reads=/home/vanwper/nobackup/autodelete/neomex/sample_bams/7895/7895-host.bam         --output_vcf=/home/vanwper/nobackup/autodelete/neomex/sample_vcfs/7895/7895-host.vcf.gz         --num_shards=8
    
        (command exited with non-zero exit code)
Complete log(s): /home/vanwper/projects/neomexicanus_dispersal_genomics/.snakemake/log/2026-06-04T132419.614277.snakemake.log
WorkflowError:
At least one job did not complete successfully.
