
# Xengsort classify [2026-05-30 10:48:13]

- (c) 2019-2023 by Sven Rahmann, Jens Zentgraf, Algorithmic Bioinformatics, Saarland University
- Licensed under the MIT License
- loading hash table /home/vanwper/nobackup/autodelete/neomex/xeng_data/k25/neomex [2026-05-30 10:48:13]
- hash files '/home/vanwper/nobackup/autodelete/neomex/xeng_data/k25/neomex.info', '/home/vanwper/nobackup/autodelete/neomex/xeng_data/k25/neomex.hash'...
- time to load '/home/vanwper/nobackup/autodelete/neomex/xeng_data/k25/neomex': 13.5 sec
- Using count based classification mode
- Processing contiguous 25-mers.

## Classification Statistics

```
prefix	host	graft	ambiguous	both	neither
/home/vanwper/nobackup/autodelete/neomex/7888/7888	1970251	1978161	66643	1107	9084
```

```
| prefix    | /home/vanwper/nobackup/autodelete/neomex/7888/7888 
| host      | 1970251 | 48.95% |
| graft     | 1978161 | 49.14% |
| ambiguous |   66643 |  1.66% |
| both      |    1107 |  0.03% |
| neither   |    9084 |  0.23% |
```

## Running time statistics

- Running time: 11165.0 sec
- Running time: 186.08 min
- Done. [2026-05-30 13:54:18]
